[04:03:58] [ServerMain/INFO]: Building unoptimized datafixer
[04:03:59] [ServerMain/INFO]: Environment: authHost='https://authserver.mojang.com', accountsHost='https://api.mojang.com', sessionHost='https://sessionserver.mojang.com', servicesHost='https://api.minecraftservices.com', name='PROD'
[04:04:04] [ServerMain/INFO]: Loaded 7 recipes
[04:04:04] [ServerMain/INFO]: Loaded 1179 advancements
[04:04:05] [Server thread/INFO]: Starting minecraft server version 1.19.2
[04:04:05] [Server thread/INFO]: Loading properties
[04:04:05] [Server thread/INFO]: Default game type: SURVIVAL
[04:04:05] [Server thread/INFO]: Generating keypair
[04:04:05] [Server thread/INFO]: Starting Minecraft server on *:25565
[04:04:05] [Server thread/INFO]: Using epoll channel type
[04:04:05] [Server thread/WARN]: **** SERVER IS RUNNING IN OFFLINE/INSECURE MODE!
[04:04:05] [Server thread/WARN]: The server will make no attempt to authenticate usernames. Beware.
[04:04:05] [Server thread/WARN]: While this makes the game possible to play without internet access, it also opens up the ability for hackers to connect with any username they choose.
[04:04:05] [Server thread/WARN]: To change this, set "online-mode" to "true" in the server.properties file.
[04:04:05] [Server thread/INFO]: Preparing level "world"
[04:04:06] [Server thread/INFO]: Preparing start region for dimension minecraft:overworld
[04:04:11] [Worker-Main-3/INFO]: Preparing spawn area: 0%
[04:04:11] [Worker-Main-1/INFO]: Preparing spawn area: 0%
[04:04:11] [Worker-Main-1/INFO]: Preparing spawn area: 0%
[04:04:11] [Worker-Main-1/INFO]: Preparing spawn area: 0%
[04:04:11] [Worker-Main-3/INFO]: Preparing spawn area: 0%
[04:04:11] [Worker-Main-1/INFO]: Preparing spawn area: 0%
[04:04:11] [Worker-Main-3/INFO]: Preparing spawn area: 0%
[04:04:11] [Worker-Main-3/INFO]: Preparing spawn area: 0%
[04:04:11] [Worker-Main-3/INFO]: Preparing spawn area: 0%
[04:04:11] [Worker-Main-3/INFO]: Preparing spawn area: 0%
[04:04:11] [Worker-Main-3/INFO]: Preparing spawn area: 0%
[04:04:11] [Worker-Main-3/INFO]: Preparing spawn area: 0%
[04:04:12] [Worker-Main-3/INFO]: Preparing spawn area: 0%
[04:04:12] [Worker-Main-1/INFO]: Preparing spawn area: 0%
[04:04:13] [Worker-Main-3/INFO]: Preparing spawn area: 0%
[04:04:13] [Worker-Main-1/INFO]: Preparing spawn area: 0%
[04:04:14] [Worker-Main-3/INFO]: Preparing spawn area: 0%
[04:04:14] [Worker-Main-3/INFO]: Preparing spawn area: 19%
[04:04:15] [Worker-Main-3/INFO]: Preparing spawn area: 46%
[04:04:15] [Worker-Main-1/INFO]: Preparing spawn area: 88%
[04:04:15] [Server thread/INFO]: Time elapsed: 9744 ms
[04:04:15] [Server thread/INFO]: Done (10.070s)! For help, type "help"
[04:04:33] [Server thread/INFO]: zzz[/127.55.75.155:52013] logged in with entity id 80 at (-2414.2610180169654, 64.0, 2259.668233807829)
[04:04:33] [Server thread/INFO]: zzz joined the game
[04:04:37] [Server thread/WARN]: Can't keep up! Is the server overloaded? Running 3757ms or 75 ticks behind
[04:04:55] [Server thread/INFO]: [Not Secure] [Server] hola?
[04:05:02] [Server thread/INFO]: [Not Secure] <zzz> toy
[04:05:12] [Server thread/INFO]: [Not Secure] [Server] tt te dejo
[04:05:35] [Server thread/INFO]: [Not Secure] [Server] durara como 1h
[04:05:39] [Server thread/INFO]: [Not Secure] <zzz> tt
[04:05:40] [Server thread/INFO]: Unknown or incomplete command, see below for error
[04:05:40] [Server thread/INFO]: asi que aprovecha<--[HERE]
